[2019-01-02 22:38:43.419] [exthost1] [info] extension host started
[2019-01-02 22:38:43.704] [exthost1] [info] extension host started
[2019-01-02 22:38:43.716] [exthost1] [info] ExtensionService#_doActivateExtension vscode.debug-auto-launch {"startup":true,"activationEvent":"*"}
[2019-01-02 22:38:43.716] [exthost1] [info] ExtensionService#loadCommonJSModule c:\Users\MasakiShimizu\.codemix\engine\resources\app\extensions\debug-auto-launch\out\extension
[2019-01-02 22:38:43.722] [exthost1] [info] ExtensionService#_doActivateExtension vscode.emmet {"startup":true,"activationEvent":"*"}
[2019-01-02 22:38:43.722] [exthost1] [info] ExtensionService#loadCommonJSModule c:\Users\MasakiShimizu\.codemix\engine\resources\app\extensions\emmet\dist\extension
[2019-01-02 22:38:43.748] [exthost1] [info] ExtensionService#_doActivateExtension vscode.merge-conflict {"startup":true,"activationEvent":"*"}
[2019-01-02 22:38:43.748] [exthost1] [info] ExtensionService#loadCommonJSModule c:\Users\MasakiShimizu\.codemix\engine\resources\app\extensions\merge-conflict\out\extension
[2019-01-02 22:38:43.762] [exthost1] [info] ExtensionService#_doActivateExtension vscode.search-rg {"startup":true,"activationEvent":"*"}
[2019-01-02 22:38:43.762] [exthost1] [info] ExtensionService#loadCommonJSModule c:\Users\MasakiShimizu\.codemix\engine\resources\app\extensions\search-rg\out\extension
[2019-01-02 22:38:43.767] [exthost1] [info] eager extensions activated
[2019-01-02 22:38:43.767] [exthost1] [info] ExtensionService#_doActivateExtension vscode.configuration-editing {"startup":false,"activationEvent":"onLanguage:jsonc"}
[2019-01-02 22:38:43.767] [exthost1] [info] ExtensionService#loadCommonJSModule c:\Users\MasakiShimizu\.codemix\engine\resources\app\extensions\configuration-editing\out\extension
[2019-01-02 22:38:43.776] [exthost1] [info] ExtensionService#_doActivateExtension vscode.json-language-features {"startup":false,"activationEvent":"onLanguage:jsonc"}
[2019-01-02 22:38:43.776] [exthost1] [info] ExtensionService#loadCommonJSModule c:\Users\MasakiShimizu\.codemix\engine\resources\app\extensions\json-language-features\client\dist\jsonMain
[2019-01-02 22:38:44.207] [exthost1] [info] ExtensionService#_doActivateExtension vscode.typescript-language-features {"startup":false,"activationEvent":"onLanguage:jsonc"}
[2019-01-02 22:38:44.207] [exthost1] [info] ExtensionService#loadCommonJSModule c:\Users\MasakiShimizu\.codemix\engine\resources\app\extensions\typescript-language-features\dist\extension
[2019-01-02 22:38:44.461] [exthost1] [info] ExtensionService#_doActivateExtension vscode.grunt {"startup":false,"activationEvent":"onCommand:workbench.action.tasks.runTask"}
[2019-01-02 22:38:44.461] [exthost1] [info] ExtensionService#loadCommonJSModule c:\Users\MasakiShimizu\.codemix\engine\resources\app\extensions\grunt\out\main
[2019-01-02 22:38:44.490] [exthost1] [info] ExtensionService#_doActivateExtension vscode.gulp {"startup":false,"activationEvent":"onCommand:workbench.action.tasks.runTask"}
[2019-01-02 22:38:44.490] [exthost1] [info] ExtensionService#loadCommonJSModule c:\Users\MasakiShimizu\.codemix\engine\resources\app\extensions\gulp\out\main
[2019-01-02 22:38:44.516] [exthost1] [info] ExtensionService#_doActivateExtension vscode.jake {"startup":false,"activationEvent":"onCommand:workbench.action.tasks.runTask"}
[2019-01-02 22:38:44.516] [exthost1] [info] ExtensionService#loadCommonJSModule c:\Users\MasakiShimizu\.codemix\engine\resources\app\extensions\jake\out\main
[2019-01-02 22:38:44.543] [exthost1] [info] ExtensionService#_doActivateExtension vscode.npm {"startup":false,"activationEvent":"onCommand:workbench.action.tasks.runTask"}
[2019-01-02 22:38:44.543] [exthost1] [info] ExtensionService#loadCommonJSModule c:\Users\MasakiShimizu\.codemix\engine\resources\app\extensions\npm\out\main
