[2019-01-02 17:46:51.582] [exthost1] [info] extension host started
[2019-01-02 17:46:51.597] [exthost1] [info] ExtensionService#_doActivateExtension vscode.debug-auto-launch {"startup":true,"activationEvent":"*"}
[2019-01-02 17:46:51.597] [exthost1] [info] ExtensionService#loadCommonJSModule c:\Users\MasakiShimizu\.codemix\engine\resources\app\extensions\debug-auto-launch\out\extension
[2019-01-02 17:46:51.604] [exthost1] [info] ExtensionService#_doActivateExtension vscode.emmet {"startup":true,"activationEvent":"*"}
[2019-01-02 17:46:51.604] [exthost1] [info] ExtensionService#loadCommonJSModule c:\Users\MasakiShimizu\.codemix\engine\resources\app\extensions\emmet\dist\extension
[2019-01-02 17:46:51.631] [exthost1] [info] ExtensionService#_doActivateExtension vscode.merge-conflict {"startup":true,"activationEvent":"*"}
[2019-01-02 17:46:51.632] [exthost1] [info] ExtensionService#loadCommonJSModule c:\Users\MasakiShimizu\.codemix\engine\resources\app\extensions\merge-conflict\out\extension
[2019-01-02 17:46:51.646] [exthost1] [info] ExtensionService#_doActivateExtension vscode.search-rg {"startup":true,"activationEvent":"*"}
[2019-01-02 17:46:51.646] [exthost1] [info] ExtensionService#loadCommonJSModule c:\Users\MasakiShimizu\.codemix\engine\resources\app\extensions\search-rg\out\extension
[2019-01-02 17:46:51.653] [exthost1] [info] eager extensions activated
[2019-01-02 17:46:51.900] [exthost1] [info] extension host started
[2019-01-02 17:46:51.915] [exthost1] [info] ExtensionService#_doActivateExtension vscode.debug-auto-launch {"startup":true,"activationEvent":"*"}
[2019-01-02 17:46:51.915] [exthost1] [info] ExtensionService#loadCommonJSModule c:\Users\MasakiShimizu\.codemix\engine\resources\app\extensions\debug-auto-launch\out\extension
[2019-01-02 17:46:51.920] [exthost1] [info] ExtensionService#_doActivateExtension vscode.emmet {"startup":true,"activationEvent":"*"}
[2019-01-02 17:46:51.920] [exthost1] [info] ExtensionService#loadCommonJSModule c:\Users\MasakiShimizu\.codemix\engine\resources\app\extensions\emmet\dist\extension
[2019-01-02 17:46:51.948] [exthost1] [info] ExtensionService#_doActivateExtension vscode.merge-conflict {"startup":true,"activationEvent":"*"}
[2019-01-02 17:46:51.948] [exthost1] [info] ExtensionService#loadCommonJSModule c:\Users\MasakiShimizu\.codemix\engine\resources\app\extensions\merge-conflict\out\extension
[2019-01-02 17:46:51.961] [exthost1] [info] ExtensionService#_doActivateExtension vscode.search-rg {"startup":true,"activationEvent":"*"}
[2019-01-02 17:46:51.961] [exthost1] [info] ExtensionService#loadCommonJSModule c:\Users\MasakiShimizu\.codemix\engine\resources\app\extensions\search-rg\out\extension
[2019-01-02 17:46:51.967] [exthost1] [info] eager extensions activated
[2019-01-02 17:46:51.967] [exthost1] [info] ExtensionService#_doActivateExtension vscode.configuration-editing {"startup":false,"activationEvent":"onLanguage:jsonc"}
[2019-01-02 17:46:51.967] [exthost1] [info] ExtensionService#loadCommonJSModule c:\Users\MasakiShimizu\.codemix\engine\resources\app\extensions\configuration-editing\out\extension
[2019-01-02 17:46:51.976] [exthost1] [info] ExtensionService#_doActivateExtension vscode.json-language-features {"startup":false,"activationEvent":"onLanguage:jsonc"}
[2019-01-02 17:46:51.976] [exthost1] [info] ExtensionService#loadCommonJSModule c:\Users\MasakiShimizu\.codemix\engine\resources\app\extensions\json-language-features\client\dist\jsonMain
[2019-01-02 17:46:52.066] [exthost1] [info] ExtensionService#_doActivateExtension vscode.typescript-language-features {"startup":false,"activationEvent":"onLanguage:jsonc"}
[2019-01-02 17:46:52.066] [exthost1] [info] ExtensionService#loadCommonJSModule c:\Users\MasakiShimizu\.codemix\engine\resources\app\extensions\typescript-language-features\dist\extension
[2019-01-02 17:46:52.145] [exthost1] [info] ExtensionService#_doActivateExtension vscode.grunt {"startup":false,"activationEvent":"onCommand:workbench.action.tasks.runTask"}
[2019-01-02 17:46:52.145] [exthost1] [info] ExtensionService#loadCommonJSModule c:\Users\MasakiShimizu\.codemix\engine\resources\app\extensions\grunt\out\main
[2019-01-02 17:46:52.150] [exthost1] [info] ExtensionService#_doActivateExtension vscode.gulp {"startup":false,"activationEvent":"onCommand:workbench.action.tasks.runTask"}
[2019-01-02 17:46:52.150] [exthost1] [info] ExtensionService#loadCommonJSModule c:\Users\MasakiShimizu\.codemix\engine\resources\app\extensions\gulp\out\main
[2019-01-02 17:46:52.154] [exthost1] [info] ExtensionService#_doActivateExtension vscode.jake {"startup":false,"activationEvent":"onCommand:workbench.action.tasks.runTask"}
[2019-01-02 17:46:52.154] [exthost1] [info] ExtensionService#loadCommonJSModule c:\Users\MasakiShimizu\.codemix\engine\resources\app\extensions\jake\out\main
[2019-01-02 17:46:52.158] [exthost1] [info] ExtensionService#_doActivateExtension vscode.npm {"startup":false,"activationEvent":"onCommand:workbench.action.tasks.runTask"}
[2019-01-02 17:46:52.158] [exthost1] [info] ExtensionService#loadCommonJSModule c:\Users\MasakiShimizu\.codemix\engine\resources\app\extensions\npm\out\main
