[2019-01-02 17:44:04.407] [exthost1] [info] extension host started
[2019-01-02 17:44:04.954] [exthost1] [info] extension host started
[2019-01-02 17:44:04.970] [exthost1] [info] ExtensionService#_doActivateExtension vscode.debug-auto-launch {"startup":true,"activationEvent":"*"}
[2019-01-02 17:44:04.970] [exthost1] [info] ExtensionService#loadCommonJSModule c:\Users\MasakiShimizu\.codemix\engine\resources\app\extensions\debug-auto-launch\out\extension
[2019-01-02 17:44:04.976] [exthost1] [info] ExtensionService#_doActivateExtension vscode.emmet {"startup":true,"activationEvent":"*"}
[2019-01-02 17:44:04.976] [exthost1] [info] ExtensionService#loadCommonJSModule c:\Users\MasakiShimizu\.codemix\engine\resources\app\extensions\emmet\dist\extension
[2019-01-02 17:44:05.007] [exthost1] [info] ExtensionService#_doActivateExtension vscode.merge-conflict {"startup":true,"activationEvent":"*"}
[2019-01-02 17:44:05.007] [exthost1] [info] ExtensionService#loadCommonJSModule c:\Users\MasakiShimizu\.codemix\engine\resources\app\extensions\merge-conflict\out\extension
[2019-01-02 17:44:05.022] [exthost1] [info] ExtensionService#_doActivateExtension vscode.search-rg {"startup":true,"activationEvent":"*"}
[2019-01-02 17:44:05.022] [exthost1] [info] ExtensionService#loadCommonJSModule c:\Users\MasakiShimizu\.codemix\engine\resources\app\extensions\search-rg\out\extension
[2019-01-02 17:44:05.027] [exthost1] [info] eager extensions activated
[2019-01-02 17:44:05.028] [exthost1] [info] ExtensionService#_doActivateExtension vscode.configuration-editing {"startup":false,"activationEvent":"onLanguage:jsonc"}
[2019-01-02 17:44:05.028] [exthost1] [info] ExtensionService#loadCommonJSModule c:\Users\MasakiShimizu\.codemix\engine\resources\app\extensions\configuration-editing\out\extension
[2019-01-02 17:44:05.036] [exthost1] [info] ExtensionService#_doActivateExtension vscode.json-language-features {"startup":false,"activationEvent":"onLanguage:jsonc"}
[2019-01-02 17:44:05.036] [exthost1] [info] ExtensionService#loadCommonJSModule c:\Users\MasakiShimizu\.codemix\engine\resources\app\extensions\json-language-features\client\dist\jsonMain
[2019-01-02 17:44:05.392] [exthost1] [info] ExtensionService#_doActivateExtension vscode.typescript-language-features {"startup":false,"activationEvent":"onLanguage:jsonc"}
[2019-01-02 17:44:05.392] [exthost1] [info] ExtensionService#loadCommonJSModule c:\Users\MasakiShimizu\.codemix\engine\resources\app\extensions\typescript-language-features\dist\extension
[2019-01-02 17:44:05.658] [exthost1] [info] ExtensionService#_doActivateExtension vscode.grunt {"startup":false,"activationEvent":"onCommand:workbench.action.tasks.runTask"}
[2019-01-02 17:44:05.658] [exthost1] [info] ExtensionService#loadCommonJSModule c:\Users\MasakiShimizu\.codemix\engine\resources\app\extensions\grunt\out\main
[2019-01-02 17:44:05.687] [exthost1] [info] ExtensionService#_doActivateExtension vscode.gulp {"startup":false,"activationEvent":"onCommand:workbench.action.tasks.runTask"}
[2019-01-02 17:44:05.687] [exthost1] [info] ExtensionService#loadCommonJSModule c:\Users\MasakiShimizu\.codemix\engine\resources\app\extensions\gulp\out\main
[2019-01-02 17:44:05.714] [exthost1] [info] ExtensionService#_doActivateExtension vscode.jake {"startup":false,"activationEvent":"onCommand:workbench.action.tasks.runTask"}
[2019-01-02 17:44:05.714] [exthost1] [info] ExtensionService#loadCommonJSModule c:\Users\MasakiShimizu\.codemix\engine\resources\app\extensions\jake\out\main
[2019-01-02 17:44:05.741] [exthost1] [info] ExtensionService#_doActivateExtension vscode.npm {"startup":false,"activationEvent":"onCommand:workbench.action.tasks.runTask"}
[2019-01-02 17:44:05.741] [exthost1] [info] ExtensionService#loadCommonJSModule c:\Users\MasakiShimizu\.codemix\engine\resources\app\extensions\npm\out\main
